<?xml version="1.0" encoding="UTF-8"?>
<!-- Generated by org.testng.reporters.JUnitReportReporter -->
<testsuite skipped="0" hostname="ASDP1510_PO01976" name="com.qait.testScripts.TestEmployee" tests="5" failures="0" timestamp="23 Jul 2019 11:56:01 GMT" time="5.745" errors="0">
  <testcase name="verifyEmployeeDataIsDeletingForGivenId" time="1.213" classname="com.qait.testScripts.TestEmployee"/>
  <testcase name="verifyNewEmployeeIsCreating" time="0.909" classname="com.qait.testScripts.TestEmployee"/>
  <testcase name="verifyDataOfSingleEmployeeIsComing" time="1.977" classname="com.qait.testScripts.TestEmployee"/>
  <testcase name="verifyListOfDataIsComing" time="0.725" classname="com.qait.testScripts.TestEmployee"/>
  <testcase name="verifyEmployeeDataIsUpdatingForGivenId" time="0.921" classname="com.qait.testScripts.TestEmployee"/>
</testsuite> <!-- com.qait.testScripts.TestEmployee -->
